<?xml version="1.0" encoding="UTF-8"?>
<testng-results skipped="0" failed="0" ignored="0" total="1" passed="1">
  <reporter-output>
  </reporter-output>
  <suite name="Default suite" duration-ms="17166" started-at="2023-02-05T16:19:33 IST" finished-at="2023-02-05T16:19:50 IST">
    <groups>
    </groups>
    <test name="Default test" duration-ms="17166" started-at="2023-02-05T16:19:33 IST" finished-at="2023-02-05T16:19:50 IST">
      <class name="com.Exeter.tests.PrivacyPolicyTest">
        <test-method status="PASS" signature="BaseSetup()[pri:0, instance:com.Exeter.tests.PrivacyPolicyTest@6f03482]" name="BaseSetup" is-config="true" duration-ms="11911" started-at="2023-02-05T16:19:33 IST" finished-at="2023-02-05T16:19:45 IST">
          <reporter-output>
          </reporter-output>
        </test-method> <!-- BaseSetup -->
        <test-method status="PASS" signature="LaunchedSetup()[pri:-1, instance:com.Exeter.tests.PrivacyPolicyTest@6f03482]" name="LaunchedSetup" duration-ms="5107" started-at="2023-02-05T16:19:45 IST" finished-at="2023-02-05T16:19:50 IST">
          <reporter-output>
          </reporter-output>
        </test-method> <!-- LaunchedSetup -->
      </class> <!-- com.Exeter.tests.PrivacyPolicyTest -->
    </test> <!-- Default test -->
  </suite> <!-- Default suite -->
</testng-results>
